[2018-09-10T10:56:29.514] [ERROR] errorLogger - 
*************** error log start ***************
request method: GET
request originalUrl:  /
request client ip:  ::1
request query:  {}
response time: 175
err name: undefined
err message: undefined
err stack: undefined
*************** error log end ***************

[2018-09-10T10:56:58.601] [ERROR] errorLogger - 
*************** error log start ***************
request method: GET
request originalUrl:  /detail
request client ip:  ::1
request query:  {}
response time: 9080
err name: undefined
err message: undefined
err stack: undefined
*************** error log end ***************

[2018-09-10T11:51:29.640] [ERROR] errorLogger - 
*************** error log start ***************
request method: GET
request originalUrl:  /
request client ip:  ::1
request query:  {}
response time: 49
err name: ReferenceError
err message: CONSOLE is not defined
err stack: ReferenceError: CONSOLE is not defined
    at getService.requestGet.then.catch.err (D:\ysw_space\w_work\app\servers\UserModel\index.js:14:13)
    at <anonymous>
    at process._tickDomainCallback (internal/process/next_tick.js:228:7)
*************** error log end ***************

[2018-09-10T13:32:15.135] [ERROR] errorLogger - 
*************** error log start ***************
request method: GET
request originalUrl:  /
request client ip:  ::1
request query:  {}
response time: 48
err name: ReferenceError
err message: D:\ysw_space\w_work\app\view\UserView\index.html:10
    8| </head>
    9| <body>
 >> 10|     <%= data%>
    11| </body>
    12| </html>

data is not defined
err stack: ReferenceError: D:\ysw_space\w_work\app\view\UserView\index.html:10
    8| </head>
    9| <body>
 >> 10|     <%= data%>
    11| </body>
    12| </html>

data is not defined
    at eval (eval at compile (D:\ysw_space\w_work\node_modules\ejs\lib\ejs.js:618:12), <anonymous>:11:26)
    at returnedFn (D:\ysw_space\w_work\node_modules\ejs\lib\ejs.js:653:17)
    at D:\ysw_space\w_work\node_modules\consolidate\lib\consolidate.js:645:16
    at D:\ysw_space\w_work\node_modules\consolidate\lib\consolidate.js:161:5
    at Promise._execute (D:\ysw_space\w_work\node_modules\bluebird\js\release\debuggability.js:303:9)
    at Promise._resolveFromExecutor (D:\ysw_space\w_work\node_modules\bluebird\js\release\promise.js:483:18)
    at new Promise (D:\ysw_space\w_work\node_modules\bluebird\js\release\promise.js:79:10)
    at promisify (D:\ysw_space\w_work\node_modules\consolidate\lib\consolidate.js:154:10)
    at Function.exports.ejs.render (D:\ysw_space\w_work\node_modules\consolidate\lib\consolidate.js:641:10)
    at D:\ysw_space\w_work\node_modules\consolidate\lib\consolidate.js:181:27
    at D:\ysw_space\w_work\node_modules\consolidate\lib\consolidate.js:101:5
    at FSReqWrap.readFileAfterClose [as oncomplete] (fs.js:511:3)
*************** error log end ***************

[2018-09-10T13:42:47.038] [ERROR] errorLogger - 
*************** error log start ***************
request method: GET
request originalUrl:  /
request client ip:  ::1
request query:  {}
response time: 34
err name: undefined
err message: undefined
err stack: undefined
*************** error log end ***************

[2018-09-10T13:43:45.055] [ERROR] errorLogger - 
*************** error log start ***************
request method: GET
request originalUrl:  /
request client ip:  ::1
request query:  {}
response time: 65
err name: undefined
err message: undefined
err stack: undefined
*************** error log end ***************

[2018-09-10T13:43:57.047] [ERROR] errorLogger - 
*************** error log start ***************
request method: GET
request originalUrl:  /
request client ip:  ::1
request query:  {}
response time: 87
err name: undefined
err message: undefined
err stack: undefined
*************** error log end ***************

[2018-09-10T13:44:50.149] [ERROR] errorLogger - 
*************** error log start ***************
request method: GET
request originalUrl:  /
request client ip:  ::1
request query:  {}
response time: 113
err name: undefined
err message: undefined
err stack: undefined
*************** error log end ***************

[2018-09-10T13:45:21.929] [ERROR] errorLogger - 
*************** error log start ***************
request method: GET
request originalUrl:  /
request client ip:  ::1
request query:  {}
response time: 39
err name: undefined
err message: undefined
err stack: undefined
*************** error log end ***************

[2018-09-10T13:46:12.083] [ERROR] errorLogger - 
*************** error log start ***************
request method: GET
request originalUrl:  /
request client ip:  ::1
request query:  {}
response time: 102
err name: undefined
err message: undefined
err stack: undefined
*************** error log end ***************

[2018-09-10T13:48:49.277] [ERROR] errorLogger - 
*************** error log start ***************
request method: GET
request originalUrl:  /
request client ip:  ::1
request query:  {}
response time: 36
err name: TypeError
err message: Cannot convert undefined or null to object
err stack: TypeError: Cannot convert undefined or null to object
    at Function.keys (<anonymous>)
    at GET / (D:\ysw_space\w_work\app\controller\UserController\index.js:9:23)
    at <anonymous>
    at process._tickDomainCallback (internal/process/next_tick.js:228:7)
*************** error log end ***************

[2018-09-10T13:49:12.723] [ERROR] errorLogger - 
*************** error log start ***************
request method: GET
request originalUrl:  /
request client ip:  ::1
request query:  {}
response time: 38
err name: TypeError
err message: Cannot convert undefined or null to object
err stack: TypeError: Cannot convert undefined or null to object
    at Function.keys (<anonymous>)
    at GET / (D:\ysw_space\w_work\app\controller\UserController\index.js:9:23)
    at <anonymous>
    at process._tickDomainCallback (internal/process/next_tick.js:228:7)
*************** error log end ***************

[2018-09-10T13:50:24.096] [ERROR] errorLogger - 
*************** error log start ***************
request method: GET
request originalUrl:  /
request client ip:  ::1
request query:  {}
response time: 271
err name: ReferenceError
err message: dats is not defined
err stack: ReferenceError: dats is not defined
    at GET / (D:\ysw_space\w_work\app\controller\UserController\index.js:9:31)
    at <anonymous>
    at process._tickDomainCallback (internal/process/next_tick.js:228:7)
*************** error log end ***************

[2018-09-10T14:27:27.633] [ERROR] errorLogger - 
*************** error log start ***************
request method: GET
request originalUrl:  /
request client ip:  ::1
request query:  {}
response time: 123
err name: Error
err message: Could not find matching close tag for "<%=".
err stack: Error: Could not find matching close tag for "<%=".
    at D:\ysw_space\w_work\node_modules\ejs\lib\ejs.js:693:19
    at Array.forEach (<anonymous>)
    at Template.generateSource (D:\ysw_space\w_work\node_modules\ejs\lib\ejs.js:678:15)
    at Template.compile (D:\ysw_space\w_work\node_modules\ejs\lib\ejs.js:557:12)
    at Object.compile (D:\ysw_space\w_work\node_modules\ejs\lib\ejs.js:389:16)
    at D:\ysw_space\w_work\node_modules\consolidate\lib\consolidate.js:644:58
    at D:\ysw_space\w_work\node_modules\consolidate\lib\consolidate.js:161:5
    at Promise._execute (D:\ysw_space\w_work\node_modules\bluebird\js\release\debuggability.js:303:9)
    at Promise._resolveFromExecutor (D:\ysw_space\w_work\node_modules\bluebird\js\release\promise.js:483:18)
    at new Promise (D:\ysw_space\w_work\node_modules\bluebird\js\release\promise.js:79:10)
    at promisify (D:\ysw_space\w_work\node_modules\consolidate\lib\consolidate.js:154:10)
    at Function.exports.ejs.render (D:\ysw_space\w_work\node_modules\consolidate\lib\consolidate.js:641:10)
    at D:\ysw_space\w_work\node_modules\consolidate\lib\consolidate.js:181:27
    at D:\ysw_space\w_work\node_modules\consolidate\lib\consolidate.js:101:5
    at FSReqWrap.readFileAfterClose [as oncomplete] (fs.js:511:3)
*************** error log end ***************

[2018-09-10T14:27:28.845] [ERROR] errorLogger - 
*************** error log start ***************
request method: GET
request originalUrl:  /
request client ip:  ::1
request query:  {}
response time: 51
err name: Error
err message: Could not find matching close tag for "<%=".
err stack: Error: Could not find matching close tag for "<%=".
    at D:\ysw_space\w_work\node_modules\ejs\lib\ejs.js:693:19
    at Array.forEach (<anonymous>)
    at Template.generateSource (D:\ysw_space\w_work\node_modules\ejs\lib\ejs.js:678:15)
    at Template.compile (D:\ysw_space\w_work\node_modules\ejs\lib\ejs.js:557:12)
    at Object.compile (D:\ysw_space\w_work\node_modules\ejs\lib\ejs.js:389:16)
    at D:\ysw_space\w_work\node_modules\consolidate\lib\consolidate.js:644:58
    at D:\ysw_space\w_work\node_modules\consolidate\lib\consolidate.js:161:5
    at Promise._execute (D:\ysw_space\w_work\node_modules\bluebird\js\release\debuggability.js:303:9)
    at Promise._resolveFromExecutor (D:\ysw_space\w_work\node_modules\bluebird\js\release\promise.js:483:18)
    at new Promise (D:\ysw_space\w_work\node_modules\bluebird\js\release\promise.js:79:10)
    at promisify (D:\ysw_space\w_work\node_modules\consolidate\lib\consolidate.js:154:10)
    at Function.exports.ejs.render (D:\ysw_space\w_work\node_modules\consolidate\lib\consolidate.js:641:10)
    at D:\ysw_space\w_work\node_modules\consolidate\lib\consolidate.js:181:27
    at D:\ysw_space\w_work\node_modules\consolidate\lib\consolidate.js:101:5
    at FSReqWrap.readFileAfterClose [as oncomplete] (fs.js:511:3)
*************** error log end ***************

[2018-09-10T14:27:45.454] [ERROR] errorLogger - 
*************** error log start ***************
request method: GET
request originalUrl:  /
request client ip:  ::1
request query:  {}
response time: 70
err name: ReferenceError
err message: D:\ysw_space\w_work\app\view\UserView\index.html:11
    9| <body>
    10|     <%= data%>
 >> 11|     <%= data2%>
    12| </body>
    13| </html>

data2 is not defined
err stack: ReferenceError: D:\ysw_space\w_work\app\view\UserView\index.html:11
    9| <body>
    10|     <%= data%>
 >> 11|     <%= data2%>
    12| </body>
    13| </html>

data2 is not defined
    at eval (eval at compile (D:\ysw_space\w_work\node_modules\ejs\lib\ejs.js:618:12), <anonymous>:14:26)
    at returnedFn (D:\ysw_space\w_work\node_modules\ejs\lib\ejs.js:653:17)
    at D:\ysw_space\w_work\node_modules\consolidate\lib\consolidate.js:645:16
    at D:\ysw_space\w_work\node_modules\consolidate\lib\consolidate.js:161:5
    at Promise._execute (D:\ysw_space\w_work\node_modules\bluebird\js\release\debuggability.js:303:9)
    at Promise._resolveFromExecutor (D:\ysw_space\w_work\node_modules\bluebird\js\release\promise.js:483:18)
    at new Promise (D:\ysw_space\w_work\node_modules\bluebird\js\release\promise.js:79:10)
    at promisify (D:\ysw_space\w_work\node_modules\consolidate\lib\consolidate.js:154:10)
    at Function.exports.ejs.render (D:\ysw_space\w_work\node_modules\consolidate\lib\consolidate.js:641:10)
    at D:\ysw_space\w_work\node_modules\consolidate\lib\consolidate.js:181:27
    at D:\ysw_space\w_work\node_modules\consolidate\lib\consolidate.js:101:5
    at FSReqWrap.readFileAfterClose [as oncomplete] (fs.js:511:3)
*************** error log end ***************

[2018-09-10T14:28:43.635] [ERROR] errorLogger - 
*************** error log start ***************
request method: GET
request originalUrl:  /
request client ip:  ::1
request query:  {}
response time: 39
err name: undefined
err message: undefined
err stack: undefined
*************** error log end ***************

[2018-09-10T14:29:26.997] [ERROR] errorLogger - 
*************** error log start ***************
request method: GET
request originalUrl:  /
request client ip:  ::1
request query:  {}
response time: 40
err name: undefined
err message: undefined
err stack: undefined
*************** error log end ***************

[2018-09-10T14:30:14.510] [ERROR] errorLogger - 
*************** error log start ***************
request method: GET
request originalUrl:  /
request client ip:  ::1
request query:  {}
response time: 36
err name: undefined
err message: undefined
err stack: undefined
*************** error log end ***************

[2018-09-10T14:30:37.277] [ERROR] errorLogger - 
*************** error log start ***************
request method: GET
request originalUrl:  /
request client ip:  ::1
request query:  {}
response time: 37
err name: undefined
err message: undefined
err stack: undefined
*************** error log end ***************

[2018-09-10T14:33:24.397] [ERROR] errorLogger - 
*************** error log start ***************
request method: GET
request originalUrl:  /
request client ip:  ::1
request query:  {}
response time: 271
err name: TypeError
err message: Cannot read property 'data' of null
err stack: TypeError: Cannot read property 'data' of null
    at GET / (D:\ysw_space\w_work\app\controller\UserController\index.js:10:68)
    at <anonymous>
    at process._tickDomainCallback (internal/process/next_tick.js:228:7)
*************** error log end ***************

[2018-09-10T14:35:50.029] [ERROR] errorLogger - 
*************** error log start ***************
request method: GET
request originalUrl:  /
request client ip:  ::1
request query:  {}
response time: 43
err name: ReferenceError
err message: requrl is not defined
err stack: ReferenceError: requrl is not defined
    at Function.getClassData (D:\ysw_space\w_work\app\servers\UserModel\index.js:16:38)
    at GET / (D:\ysw_space\w_work\app\controller\UserController\index.js:8:32)
    at <anonymous>
    at process._tickDomainCallback (internal/process/next_tick.js:228:7)
*************** error log end ***************

[2018-09-10T14:36:21.882] [ERROR] errorLogger - 
*************** error log start ***************
request method: GET
request originalUrl:  /
request client ip:  ::1
request query:  {}
response time: 36
err name: ReferenceError
err message: reQurl is not defined
err stack: ReferenceError: reQurl is not defined
    at Function.getClassData (D:\ysw_space\w_work\app\servers\UserModel\index.js:16:38)
    at GET / (D:\ysw_space\w_work\app\controller\UserController\index.js:8:32)
    at <anonymous>
    at process._tickDomainCallback (internal/process/next_tick.js:228:7)
*************** error log end ***************

[2018-09-10T14:38:44.220] [ERROR] errorLogger - 
*************** error log start ***************
request method: GET
request originalUrl:  /
request client ip:  ::1
request query:  {}
response time: 48
err name: ReferenceError
err message: data is not defined
err stack: ReferenceError: data is not defined
    at GET / (D:\ysw_space\w_work\app\controller\UserController\index.js:11:51)
    at <anonymous>
    at process._tickDomainCallback (internal/process/next_tick.js:228:7)
*************** error log end ***************

[2018-09-10T14:38:53.883] [ERROR] errorLogger - 
*************** error log start ***************
request method: GET
request originalUrl:  /
request client ip:  ::1
request query:  {}
response time: 57
err name: ReferenceError
err message: D:\ysw_space\w_work\app\view\UserView\index.html:10
    8| </head>
    9| <body>
 >> 10|     <%= data%>
    11|     <%= data2%>
    12| </body>
    13| </html>

data is not defined
err stack: ReferenceError: D:\ysw_space\w_work\app\view\UserView\index.html:10
    8| </head>
    9| <body>
 >> 10|     <%= data%>
    11|     <%= data2%>
    12| </body>
    13| </html>

data is not defined
    at eval (eval at compile (D:\ysw_space\w_work\node_modules\ejs\lib\ejs.js:618:12), <anonymous>:11:26)
    at returnedFn (D:\ysw_space\w_work\node_modules\ejs\lib\ejs.js:653:17)
    at D:\ysw_space\w_work\node_modules\consolidate\lib\consolidate.js:645:16
    at D:\ysw_space\w_work\node_modules\consolidate\lib\consolidate.js:161:5
    at Promise._execute (D:\ysw_space\w_work\node_modules\bluebird\js\release\debuggability.js:303:9)
    at Promise._resolveFromExecutor (D:\ysw_space\w_work\node_modules\bluebird\js\release\promise.js:483:18)
    at new Promise (D:\ysw_space\w_work\node_modules\bluebird\js\release\promise.js:79:10)
    at promisify (D:\ysw_space\w_work\node_modules\consolidate\lib\consolidate.js:154:10)
    at Function.exports.ejs.render (D:\ysw_space\w_work\node_modules\consolidate\lib\consolidate.js:641:10)
    at D:\ysw_space\w_work\node_modules\consolidate\lib\consolidate.js:181:27
    at D:\ysw_space\w_work\node_modules\consolidate\lib\consolidate.js:101:5
    at FSReqWrap.readFileAfterClose [as oncomplete] (fs.js:511:3)
*************** error log end ***************

[2018-09-10T17:09:29.801] [ERROR] errorLogger - 
*************** error log start ***************
request method: GET
request originalUrl:  /
request client ip:  ::1
request query:  {}
response time: 46
err name: ReferenceError
err message: id is not defined
err stack: ReferenceError: id is not defined
    at GET / (D:\ysw_space\w_work\app\controller\UserController\index.js:18:31)
    at <anonymous>
    at process._tickDomainCallback (internal/process/next_tick.js:228:7)
*************** error log end ***************

[2018-09-10T17:09:50.292] [ERROR] errorLogger - 
*************** error log start ***************
request method: GET
request originalUrl:  /
request client ip:  ::1
request query:  {}
response time: 55
err name: TypeError
err message: Cannot read property 'id' of undefined
err stack: TypeError: Cannot read property 'id' of undefined
    at GET / (D:\ysw_space\w_work\app\controller\UserController\index.js:18:31)
    at <anonymous>
    at process._tickDomainCallback (internal/process/next_tick.js:228:7)
*************** error log end ***************

[2018-09-10T17:10:32.964] [ERROR] errorLogger - 
*************** error log start ***************
request method: GET
request originalUrl:  /
request client ip:  ::1
request query:  {}
response time: 54
err name: ReferenceError
err message: id is not defined
err stack: ReferenceError: id is not defined
    at GET / (D:\ysw_space\w_work\app\controller\UserController\index.js:18:36)
    at <anonymous>
    at process._tickDomainCallback (internal/process/next_tick.js:228:7)
*************** error log end ***************

[2018-09-10T17:15:48.115] [ERROR] errorLogger - 
*************** error log start ***************
request method: GET
request originalUrl:  /
request client ip:  ::1
request query:  {}
response time: 299
err name: TypeError
err message: D:\ysw_space\w_work\app\view\UserView\index.html:10
    8| </head>
    9| <body>
 >> 10|     <%for(var i=0,items;i<data.data.length;i++){%>
    11|         <% items = data.data[i]%>
    12|         <p><%=items.labelName%></p>
    13|     <%}%>

Cannot read property 'length' of undefined
err stack: TypeError: D:\ysw_space\w_work\app\view\UserView\index.html:10
    8| </head>
    9| <body>
 >> 10|     <%for(var i=0,items;i<data.data.length;i++){%>
    11|         <% items = data.data[i]%>
    12|         <p><%=items.labelName%></p>
    13|     <%}%>

Cannot read property 'length' of undefined
    at eval (eval at compile (D:\ysw_space\w_work\node_modules\ejs\lib\ejs.js:618:12), <anonymous>:11:37)
    at returnedFn (D:\ysw_space\w_work\node_modules\ejs\lib\ejs.js:653:17)
    at D:\ysw_space\w_work\node_modules\consolidate\lib\consolidate.js:645:16
    at D:\ysw_space\w_work\node_modules\consolidate\lib\consolidate.js:161:5
    at Promise._execute (D:\ysw_space\w_work\node_modules\bluebird\js\release\debuggability.js:303:9)
    at Promise._resolveFromExecutor (D:\ysw_space\w_work\node_modules\bluebird\js\release\promise.js:483:18)
    at new Promise (D:\ysw_space\w_work\node_modules\bluebird\js\release\promise.js:79:10)
    at promisify (D:\ysw_space\w_work\node_modules\consolidate\lib\consolidate.js:154:10)
    at Function.exports.ejs.render (D:\ysw_space\w_work\node_modules\consolidate\lib\consolidate.js:641:10)
    at D:\ysw_space\w_work\node_modules\consolidate\lib\consolidate.js:181:27
    at D:\ysw_space\w_work\node_modules\consolidate\lib\consolidate.js:101:5
    at FSReqWrap.readFileAfterClose [as oncomplete] (fs.js:511:3)
*************** error log end ***************

[2018-09-10T17:16:39.588] [ERROR] errorLogger - 
*************** error log start ***************
request method: GET
request originalUrl:  /
request client ip:  ::1
request query:  {}
response time: 196
err name: TypeError
err message: D:\ysw_space\w_work\app\view\UserView\index.html:11
    9| <body>
    10|     <%for(var i=0,items;i<data.length;i++){%>
 >> 11|         <% items = data.data[i]%>
    12|         <p><%=items.labelName%></p>
    13|     <%}%>
    14|     

Cannot read property '0' of undefined
err stack: TypeError: D:\ysw_space\w_work\app\view\UserView\index.html:11
    9| <body>
    10|     <%for(var i=0,items;i<data.length;i++){%>
 >> 11|         <% items = data.data[i]%>
    12|         <p><%=items.labelName%></p>
    13|     <%}%>
    14|     

Cannot read property '0' of undefined
    at eval (eval at compile (D:\ysw_space\w_work\node_modules\ejs\lib\ejs.js:618:12), <anonymous>:14:25)
    at returnedFn (D:\ysw_space\w_work\node_modules\ejs\lib\ejs.js:653:17)
    at D:\ysw_space\w_work\node_modules\consolidate\lib\consolidate.js:645:16
    at D:\ysw_space\w_work\node_modules\consolidate\lib\consolidate.js:161:5
    at Promise._execute (D:\ysw_space\w_work\node_modules\bluebird\js\release\debuggability.js:303:9)
    at Promise._resolveFromExecutor (D:\ysw_space\w_work\node_modules\bluebird\js\release\promise.js:483:18)
    at new Promise (D:\ysw_space\w_work\node_modules\bluebird\js\release\promise.js:79:10)
    at promisify (D:\ysw_space\w_work\node_modules\consolidate\lib\consolidate.js:154:10)
    at Function.exports.ejs.render (D:\ysw_space\w_work\node_modules\consolidate\lib\consolidate.js:641:10)
    at D:\ysw_space\w_work\node_modules\consolidate\lib\consolidate.js:181:27
    at D:\ysw_space\w_work\node_modules\consolidate\lib\consolidate.js:101:5
    at FSReqWrap.readFileAfterClose [as oncomplete] (fs.js:511:3)
*************** error log end ***************

